<?xml version="1.0" encoding="UTF-8"?>
<!-- Generated by org.testng.reporters.JUnitXMLReporter -->
<testsuite hostname="DESKTOP-RTOOT5Q" ignored="0" name="Login Test" tests="3" failures="1" timestamp="2021-06-03T07:37:22 IST" time="15.479" errors="0">
  <testcase name="doLogin" time="11.943" classname="qtpselenium.testcases.LoginTest">
    <failure type="java.lang.AssertionError" message="The following asserts failed:
	Title of page not corect,
	Some spelling mistake">
      <![CDATA[java.lang.AssertionError: The following asserts failed:
Title of page not corect,
Some spelling mistake
at qtpselenium.driver.GenericKeywords.assertAll(GenericKeywords.java:192)
at qtpselenium.testcases.LoginTest.doLogin(LoginTest.java:81)
at java.util.ArrayList.forEach(Unknown Source)
... Removed 29 stack frames]]>
    </failure>
  </testcase> <!-- doLogin -->
  <testcase name="doLogin" time="0.008" classname="qtpselenium.testcases.LoginTest">
    <skipped/>
  </testcase> <!-- doLogin -->
  <testcase name="doLogin" time="0.012" classname="qtpselenium.testcases.LoginTest">
    <skipped/>
  </testcase> <!-- doLogin -->
</testsuite> <!-- Login Test -->
